[16-Dec-22 18:28:27] getCurrentSong       :: INFO     :: Song: b'\xe0\xb8\x81\xe0\xb8\xad\xe0\xb8\x94 - Clash \xe3\x80\x90OFFICIAL MV\xe3\x80\x91' @ 936530382105509978
[16-Dec-22 18:28:27] playCurrentSong      :: INFO     :: Start
[16-Dec-22 18:28:27] audio_player_task    :: INFO     :: Member( Count=2 )
[16-Dec-22 18:29:26] skip                 :: INFO     :: Skip song
[16-Dec-22 18:29:26] play_next_song       :: INFO     :: Next song
[16-Dec-22 18:29:27] getCurrentSong       :: INFO     :: Song: b'\xe0\xb8\x81\xe0\xb8\xad\xe0\xb8\x94 nos' @ 936530382105509978
[16-Dec-22 18:29:27] playCurrentSong      :: INFO     :: Start
[16-Dec-22 18:29:27] audio_player_task    :: INFO     :: Member( Count=2 )
[16-Dec-22 18:32:20] skip                 :: INFO     :: Skip song
[16-Dec-22 18:32:20] play_next_song       :: INFO     :: Next song
[16-Dec-22 18:32:22] getCurrentSong       :: INFO     :: Song: b'\xe0\xb9\x80\xe0\xb8\x99\xe0\xb8\xb7\xe0\xb9\x89\xe0\xb8\xad\xe0\xb8\x84\xe0\xb8\xb9\xe0\xb9\x88 - \xe0\xb8\x9a\xe0\xb8\xad\xe0\xb8\xa2 Peacemaker' @ 936530382105509978
[16-Dec-22 18:32:22] playCurrentSong      :: INFO     :: Start
[16-Dec-22 18:32:22] audio_player_task    :: INFO     :: Member( Count=2 )
[16-Dec-22 18:32:45] skip                 :: INFO     :: Skip song
[16-Dec-22 18:32:45] play_next_song       :: INFO     :: Next song
[16-Dec-22 18:32:46] getCurrentSong       :: INFO     :: Song: b'YEW - \xe0\xb8\xa5\xe0\xb8\xa1\xe0\xb9\x81\xe0\xb8\xa5\xe0\xb9\x89\xe0\xb8\x87 | Summertime feat. LANDOKMAI [Official Audio]' @ 936530382105509978
[16-Dec-22 18:32:46] playCurrentSong      :: INFO     :: Start
[16-Dec-22 18:32:47] audio_player_task    :: INFO     :: Member( Count=2 )
[16-Dec-22 18:33:17] skip                 :: INFO     :: Skip song
[16-Dec-22 18:33:17] play_next_song       :: INFO     :: Next song
[16-Dec-22 18:33:23] getCurrentSong       :: INFO     :: Song: b'Arizona Zervas - FML (Official Video)' @ 936530382105509978
[16-Dec-22 18:33:23] playCurrentSong      :: INFO     :: Start
[16-Dec-22 18:33:23] audio_player_task    :: INFO     :: Member( Count=2 )
[16-Dec-22 18:33:57] skip                 :: INFO     :: Skip song
[16-Dec-22 18:33:57] play_next_song       :: INFO     :: Next song
[16-Dec-22 18:34:02] getCurrentSong       :: INFO     :: Song: b'\xe0\xb8\xad\xe0\xb8\xa2\xe0\xb8\xb9\xe0\xb9\x88\xe0\xb9\x84\xe0\xb8\x94\xe0\xb9\x89 \xe0\xb9\x84\xe0\xb8\x94\xe0\xb9\x89\xe0\xb8\xad\xe0\xb8\xa2\xe0\xb8\xb9\xe0\xb9\x88 (ineednoone) - Tilly Birds |Official MV|' @ 936530382105509978
[16-Dec-22 18:34:02] playCurrentSong      :: INFO     :: Start
[16-Dec-22 18:34:02] audio_player_task    :: INFO     :: Member( Count=2 )
[16-Dec-22 18:37:45] play_next_song       :: INFO     :: Next song
[16-Dec-22 18:37:46] audio_player_task    :: INFO     :: Member( Count=2 )
[16-Dec-22 18:41:26] play_next_song       :: INFO     :: Next song
[16-Dec-22 18:41:28] audio_player_task    :: INFO     :: Member( Count=2 )
[16-Dec-22 18:45:08] play_next_song       :: INFO     :: Next song
[16-Dec-22 18:51:51] stop                 :: WARNING  :: Stop playing song
[16-Dec-22 18:52:15] getCurrentSong       :: INFO     :: Song: b'LOMOSONIC - \xe0\xb8\x82\xe0\xb8\xad (WARM EYES) [Official Music Video]' @ 936530382105509978
[16-Dec-22 18:52:15] playCurrentSong      :: INFO     :: Start
[16-Dec-22 18:52:16] audio_player_task    :: INFO     :: Member( Count=2 )
[16-Dec-22 18:58:47] play_next_song       :: INFO     :: Next song
[16-Dec-22 18:59:40] stop                 :: WARNING  :: Stop playing song
[16-Dec-22 18:59:55] getCurrentSong       :: INFO     :: Song: b'Arizona Zervas - FML (Official Video)' @ 936530382105509978
[16-Dec-22 18:59:55] playCurrentSong      :: INFO     :: Start
[16-Dec-22 18:59:56] audio_player_task    :: INFO     :: Member( Count=2 )
[16-Dec-22 19:02:32] play_next_song       :: INFO     :: Next song
[16-Dec-22 19:04:45] stop                 :: WARNING  :: Stop playing song
[16-Dec-22 19:05:02] getCurrentSong       :: INFO     :: Song: b'\xe0\xb8\x94\xe0\xb8\xa7\xe0\xb8\x87\xe0\xb9\x80\xe0\xb8\x94\xe0\xb8\xb7\xe0\xb8\xad\xe0\xb8\x99 - JOEY PHUWASIT (\xe0\xb9\x82\xe0\xb8\x88\xe0\xb8\xad\xe0\xb8\xb5\xe0\xb9\x89 \xe0\xb8\xa0\xe0\xb8\xb9\xe0\xb8\xa7\xe0\xb8\xa8\xe0\xb8\xb4\xe0\xb8\xa9\xe0\xb8\x90\xe0\xb9\x8c) \xe3\x80\x8cOfficial MV\xe3\x80\x8d' @ 936530382105509978
[16-Dec-22 19:05:02] playCurrentSong      :: INFO     :: Start
[16-Dec-22 19:05:03] audio_player_task    :: INFO     :: Member( Count=2 )
[16-Dec-22 19:10:02] skip                 :: INFO     :: Skip song
[16-Dec-22 19:10:02] play_next_song       :: INFO     :: Next song
[16-Dec-22 19:10:02] getCurrentSong       :: INFO     :: Song: b'Arizona Zervas - FML (Lyrics)' @ 936530382105509978
[16-Dec-22 19:10:02] playCurrentSong      :: INFO     :: Start
[16-Dec-22 19:10:03] audio_player_task    :: INFO     :: Member( Count=2 )
[16-Dec-22 19:10:54] stop                 :: WARNING  :: Stop playing song
[16-Dec-22 19:10:55] play_next_song       :: INFO     :: Next song
[16-Dec-22 19:11:11] getCurrentSong       :: INFO     :: Song: b'Arizona Zervas - FML (Lyrics)' @ 936530382105509978
[16-Dec-22 19:11:11] playCurrentSong      :: INFO     :: Start
[16-Dec-22 19:11:11] audio_player_task    :: INFO     :: Member( Count=2 )
[16-Dec-22 19:11:58] skip                 :: INFO     :: Skip song
[16-Dec-22 19:11:58] play_next_song       :: INFO     :: Next song
[16-Dec-22 19:11:59] getCurrentSong       :: INFO     :: Song: b'\xe0\xb8\x99\xe0\xb8\xb0\xe0\xb8\xab\xe0\xb8\x99\xe0\xb9\x89\xe0\xb8\xb2\xe0\xb8\x97\xe0\xb8\xad\xe0\xb8\x87 - \xe0\xb9\x82\xe0\xb8\x88\xe0\xb8\xad\xe0\xb8\xb5\xe0\xb9\x89 \xe0\xb8\xa0\xe0\xb8\xb9\xe0\xb8\xa7\xe0\xb8\xa8\xe0\xb8\xb4\xe0\xb8\xa9\xe0\xb8\x90\xe0\xb9\x8c  (JOEY PHUWASIT)\xe3\x80\x8cOfficial MV\xe3\x80\x8d' @ 936530382105509978
[16-Dec-22 19:11:59] playCurrentSong      :: INFO     :: Start
[16-Dec-22 19:12:00] audio_player_task    :: INFO     :: Member( Count=2 )
[16-Dec-22 19:12:15] skip                 :: INFO     :: Skip song
[16-Dec-22 19:12:15] play_next_song       :: INFO     :: Next song
[16-Dec-22 19:12:15] getCurrentSong       :: INFO     :: Song: b'LOMOSONIC - \xe0\xb8\x82\xe0\xb8\xad (WARM EYES) [Official Music Video]' @ 936530382105509978
[16-Dec-22 19:12:15] playCurrentSong      :: INFO     :: Start
[16-Dec-22 19:12:16] audio_player_task    :: INFO     :: Member( Count=2 )
[16-Dec-22 19:15:34] skip                 :: INFO     :: Skip song
[16-Dec-22 19:15:34] play_next_song       :: INFO     :: Next song
[16-Dec-22 19:15:35] getCurrentSong       :: INFO     :: Song: b'\xe0\xb9\x83\xe0\xb8\x88\xe0\xb8\xa3\xe0\xb8\xb1\xe0\xb8\x81 - \xe0\xb8\xaa\xe0\xb8\xb8\xe0\xb8\x8a\xe0\xb8\xb2\xe0\xb8\x95\xe0\xb8\xb4 \xe0\xb8\x8a\xe0\xb8\xa7\xe0\xb8\xb2\xe0\xb8\x87\xe0\xb8\x81\xe0\xb8\xb8\xe0\xb8\xa3 | cover \xe0\xb9\x82\xe0\xb8\xad\xe0\xb8\x9b\xe0\xb8\xad' @ 936530382105509978
[16-Dec-22 19:15:35] playCurrentSong      :: INFO     :: Start
[16-Dec-22 19:15:35] audio_player_task    :: INFO     :: Member( Count=2 )
[16-Dec-22 19:17:52] play_next_song       :: INFO     :: Next song
[16-Dec-22 19:17:52] stop                 :: WARNING  :: Stop playing song
[18-Dec-22 15:44:49] getCurrentSong       :: INFO     :: Song: b'K6Y - \xe0\xb8\x81\xe0\xb8\xad\xe0\xb8\x94\xe0\xb8\x81\xe0\xb8\xb1\xe0\xb8\x99 ft.LAZYLOXY, JAYRUN (Official Audio)' @ 936530382105509978
[18-Dec-22 15:44:49] playCurrentSong      :: INFO     :: Start
[18-Dec-22 15:44:50] audio_player_task    :: INFO     :: Member( Count=2 )
[18-Dec-22 15:48:35] stop                 :: WARNING  :: Stop playing song
[18-Dec-22 15:48:35] play_next_song       :: INFO     :: Next song
[18-Dec-22 15:49:06] getCurrentSong       :: INFO     :: Song: b'K6Y - \xe0\xb8\x81\xe0\xb8\xad\xe0\xb8\x94\xe0\xb8\x81\xe0\xb8\xb1\xe0\xb8\x99 ft.LAZYLOXY, JAYRUN (Official Audio)' @ 936530382105509978
[18-Dec-22 15:49:06] playCurrentSong      :: INFO     :: Start
[18-Dec-22 15:49:07] audio_player_task    :: INFO     :: Member( Count=2 )
[18-Dec-22 15:50:09] stop                 :: WARNING  :: Stop playing song
[18-Dec-22 15:50:09] play_next_song       :: INFO     :: Next song
[18-Dec-22 15:50:32] getCurrentSong       :: INFO     :: Song: b'\xe0\xb8\x81\xe0\xb8\xad\xe0\xb8\x94 nos' @ 936530382105509978
[18-Dec-22 15:50:32] playCurrentSong      :: INFO     :: Start
[18-Dec-22 15:50:32] audio_player_task    :: INFO     :: Member( Count=2 )
[18-Dec-22 15:53:03] stop                 :: WARNING  :: Stop playing song
[18-Dec-22 15:53:03] play_next_song       :: INFO     :: Next song
[18-Dec-22 15:54:55] getCurrentSong       :: INFO     :: Song: b'YEW - \xe0\xb8\xa5\xe0\xb8\xa1\xe0\xb9\x81\xe0\xb8\xa5\xe0\xb9\x89\xe0\xb8\x87 | Summertime feat. LANDOKMAI [Official Audio]' @ 936530382105509978
[18-Dec-22 15:54:55] playCurrentSong      :: INFO     :: Start
[18-Dec-22 15:54:56] audio_player_task    :: INFO     :: Member( Count=2 )
[18-Dec-22 15:56:43] stop                 :: WARNING  :: Stop playing song
[18-Dec-22 15:56:43] play_next_song       :: INFO     :: Next song
[18-Dec-22 15:57:13] getCurrentSong       :: INFO     :: Song: b'Arizona Zervas - FML (Lyrics)' @ 936530382105509978
[18-Dec-22 15:57:13] playCurrentSong      :: INFO     :: Start
[18-Dec-22 15:57:14] audio_player_task    :: INFO     :: Member( Count=2 )
[18-Dec-22 15:58:07] stop                 :: WARNING  :: Stop playing song
[18-Dec-22 15:58:07] play_next_song       :: INFO     :: Next song
[18-Dec-22 15:59:27] getCurrentSong       :: INFO     :: Song: b'Joji - Die For You' @ 936530382105509978
[18-Dec-22 15:59:27] playCurrentSong      :: INFO     :: Start
[18-Dec-22 15:59:28] audio_player_task    :: INFO     :: Member( Count=2 )
[18-Dec-22 16:01:59] stop                 :: WARNING  :: Stop playing song
[18-Dec-22 16:01:59] play_next_song       :: INFO     :: Next song
[18-Dec-22 16:02:33] getCurrentSong       :: INFO     :: Song: b'The Weeknd - Save Your Tears (Official Music Video)' @ 936530382105509978
[18-Dec-22 16:02:33] playCurrentSong      :: INFO     :: Start
[18-Dec-22 16:02:34] audio_player_task    :: INFO     :: Member( Count=2 )
[18-Dec-22 16:02:52] stop                 :: WARNING  :: Stop playing song
[18-Dec-22 16:02:52] play_next_song       :: INFO     :: Next song
[18-Dec-22 16:03:28] getCurrentSong       :: INFO     :: Song: b'The Weeknd - DIE FOR YOU (Lyrics)' @ 936530382105509978
[18-Dec-22 16:03:28] playCurrentSong      :: INFO     :: Start
[18-Dec-22 16:03:29] audio_player_task    :: INFO     :: Member( Count=2 )
[18-Dec-22 16:04:10] stop                 :: WARNING  :: Stop playing song
[18-Dec-22 16:04:10] play_next_song       :: INFO     :: Next song
